d:\qtfile\kuka_wsts\debug\box.obj
d:\qtfile\kuka_wsts\debug\homeseting.obj
d:\qtfile\kuka_wsts\debug\ipinputbox.obj
d:\qtfile\kuka_wsts\debug\main.obj
d:\qtfile\kuka_wsts\debug\occview.obj
d:\qtfile\kuka_wsts\debug\robotmodel.obj
d:\qtfile\kuka_wsts\debug\scenemodifier.obj
d:\qtfile\kuka_wsts\debug\stlmodule.obj
d:\qtfile\kuka_wsts\debug\toolcoord.obj
d:\qtfile\kuka_wsts\debug\cone.obj
d:\qtfile\kuka_wsts\debug\dataanysis.obj
d:\qtfile\kuka_wsts\debug\maintitle.obj
d:\qtfile\kuka_wsts\debug\msgserver.obj
d:\qtfile\kuka_wsts\debug\myview.obj
d:\qtfile\kuka_wsts\debug\quiwidget.obj
d:\qtfile\kuka_wsts\debug\stlmodels.obj
d:\qtfile\kuka_wsts\debug\sweeps.obj
d:\qtfile\kuka_wsts\debug\wedge.obj
d:\qtfile\kuka_wsts\debug\cylinder.obj
d:\qtfile\kuka_wsts\debug\detecsting.obj
d:\qtfile\kuka_wsts\debug\mainwindow.obj
d:\qtfile\kuka_wsts\debug\pipes.obj
d:\qtfile\kuka_wsts\debug\scannersetting.obj
d:\qtfile\kuka_wsts\debug\tcpserver.obj
d:\qtfile\kuka_wsts\debug\torus.obj
d:\qtfile\kuka_wsts\debug\circular.obj
d:\qtfile\kuka_wsts\debug\globalvar.obj
d:\qtfile\kuka_wsts\debug\imagebutton.obj
d:\qtfile\kuka_wsts\debug\kinematics.obj
d:\qtfile\kuka_wsts\debug\line.obj
d:\qtfile\kuka_wsts\debug\modelview.obj
d:\qtfile\kuka_wsts\debug\mybutton.obj
d:\qtfile\kuka_wsts\debug\occstlreader.obj
d:\qtfile\kuka_wsts\debug\runpage.obj
d:\qtfile\kuka_wsts\debug\startwidget.obj
d:\qtfile\kuka_wsts\debug\uitrasonicsettings.obj
d:\qtfile\kuka_wsts\debug\workpiece.obj
d:\qtfile\kuka_wsts\debug\vc141.pdb
d:\qtfile\kuka_wsts\debug\qrc_main.obj
d:\qtfile\kuka_wsts\debug\moc_imagebutton.obj
d:\qtfile\kuka_wsts\debug\moc_kinematics.obj
d:\qtfile\kuka_wsts\debug\moc_maintitle.obj
d:\qtfile\kuka_wsts\debug\moc_mybutton.obj
d:\qtfile\kuka_wsts\debug\moc_occstlreader.obj
d:\qtfile\kuka_wsts\debug\moc_runpage.obj
d:\qtfile\kuka_wsts\debug\moc_stlmodels.obj
d:\qtfile\kuka_wsts\debug\moc_uitrasonicsettings.obj
d:\qtfile\kuka_wsts\debug\moc_dataanysis.obj
d:\qtfile\kuka_wsts\debug\moc_msgserver.obj
d:\qtfile\kuka_wsts\debug\moc_myview.obj
d:\qtfile\kuka_wsts\debug\moc_quiwidget.obj
d:\qtfile\kuka_wsts\debug\moc_scenemodifier.obj
d:\qtfile\kuka_wsts\debug\moc_stlmodule.obj
d:\qtfile\kuka_wsts\debug\qrc_qss.obj
d:\qtfile\kuka_wsts\debug\moc_homeseting.obj
d:\qtfile\kuka_wsts\debug\moc_ipinputbox.obj
d:\qtfile\kuka_wsts\debug\moc_mainwindow.obj
d:\qtfile\kuka_wsts\debug\moc_robotmodel.obj
d:\qtfile\kuka_wsts\debug\moc_startwidget.obj
d:\qtfile\kuka_wsts\debug\moc_detecsting.obj
d:\qtfile\kuka_wsts\debug\moc_modelview.obj
d:\qtfile\kuka_wsts\debug\moc_occview.obj
d:\qtfile\kuka_wsts\debug\moc_scannersetting.obj
d:\qtfile\kuka_wsts\debug\moc_tcpserver.obj
d:\qtfile\kuka_wsts\debug\moc_workpiece.obj
d:\qtfile\kuka_wsts\debug\moc_predefs.h
d:\qtfile\kuka_wsts\ui_dataanysis.h
d:\qtfile\kuka_wsts\ui_detecsting.h
d:\qtfile\kuka_wsts\ui_homeseting.h
d:\qtfile\kuka_wsts\ui_imagebutton.h
d:\qtfile\kuka_wsts\ui_mainwindow.h
d:\qtfile\kuka_wsts\ui_runpage.h
d:\qtfile\kuka_wsts\ui_scannersetting.h
d:\qtfile\kuka_wsts\ui_startwidget.h
d:\qtfile\kuka_wsts\ui_uitrasonicsettings.h
d:\qtfile\kuka_wsts\ui_workpiece.h
d:\qtfile\kuka_wsts\debug\qrc_main.cpp
d:\qtfile\kuka_wsts\debug\qrc_qss.cpp
d:\qtfile\kuka_wsts\debug\moc_dataanysis.cpp
d:\qtfile\kuka_wsts\debug\moc_detecsting.cpp
d:\qtfile\kuka_wsts\debug\moc_homeseting.cpp
d:\qtfile\kuka_wsts\debug\moc_imagebutton.cpp
d:\qtfile\kuka_wsts\debug\moc_ipinputbox.cpp
d:\qtfile\kuka_wsts\debug\moc_kinematics.cpp
d:\qtfile\kuka_wsts\debug\moc_maintitle.cpp
d:\qtfile\kuka_wsts\debug\moc_mainwindow.cpp
d:\qtfile\kuka_wsts\debug\moc_modelview.cpp
d:\qtfile\kuka_wsts\debug\moc_msgserver.cpp
d:\qtfile\kuka_wsts\debug\moc_mybutton.cpp
d:\qtfile\kuka_wsts\debug\moc_myview.cpp
d:\qtfile\kuka_wsts\debug\moc_occstlreader.cpp
d:\qtfile\kuka_wsts\debug\moc_occview.cpp
d:\qtfile\kuka_wsts\debug\moc_quiwidget.cpp
d:\qtfile\kuka_wsts\debug\moc_robotmodel.cpp
d:\qtfile\kuka_wsts\debug\moc_runpage.cpp
d:\qtfile\kuka_wsts\debug\moc_scannersetting.cpp
d:\qtfile\kuka_wsts\debug\moc_scenemodifier.cpp
d:\qtfile\kuka_wsts\debug\moc_startwidget.cpp
d:\qtfile\kuka_wsts\debug\moc_stlmodels.cpp
d:\qtfile\kuka_wsts\debug\moc_stlmodule.cpp
d:\qtfile\kuka_wsts\debug\moc_tcpserver.cpp
d:\qtfile\kuka_wsts\debug\moc_uitrasonicsettings.cpp
d:\qtfile\kuka_wsts\debug\moc_workpiece.cpp
d:\qtfile\kuka_wsts\debug\kuka_wsts.lib
d:\qtfile\kuka_wsts\debug\kuka_wsts.exp
d:\qtfile\kuka_wsts\debug\kuka_wsts.ilk
d:\qtfile\kuka_wsts\debug\kuka_wsts.exe
d:\qtfile\kuka_wsts\debug\kuka_wsts.pdb
d:\qtfile\kuka_wsts\debug\kuka_wsts.tlog\cl.1596.write.1.tlog
d:\qtfile\kuka_wsts\debug\kuka_wsts.tlog\cl.command.1.tlog
d:\qtfile\kuka_wsts\debug\kuka_wsts.tlog\cl.read.1.tlog
d:\qtfile\kuka_wsts\debug\kuka_wsts.tlog\custombuild.command.1.tlog
d:\qtfile\kuka_wsts\debug\kuka_wsts.tlog\custombuild.read.1.tlog
d:\qtfile\kuka_wsts\debug\kuka_wsts.tlog\custombuild.write.1.tlog
d:\qtfile\kuka_wsts\debug\kuka_wsts.tlog\kuka_wsts.write.1u.tlog
d:\qtfile\kuka_wsts\debug\kuka_wsts.tlog\link.command.1.tlog
d:\qtfile\kuka_wsts\debug\kuka_wsts.tlog\link.read.1.tlog
d:\qtfile\kuka_wsts\debug\kuka_wsts.tlog\link.write.1.tlog
d:\qtfile\kuka_wsts\debug\kuka_wsts.tlog\moc.read.1u.tlog
d:\qtfile\kuka_wsts\debug\kuka_wsts.tlog\moc.write.1u.tlog
d:\qtfile\kuka_wsts\debug\kuka_wsts.tlog\rcc.read.1u.tlog
d:\qtfile\kuka_wsts\debug\kuka_wsts.tlog\rcc.write.1u.tlog
d:\qtfile\kuka_wsts\debug\kuka_wsts.tlog\uic.read.1u.tlog
d:\qtfile\kuka_wsts\debug\kuka_wsts.tlog\uic.write.1u.tlog
